Already up to date.
Latest git commit hash: 3badc7d51709ce66fc77a0723decc04b43e7c65a

使用数据集: yelp_polarity
标签数量: 2
标签: ['negative', 'positive']
Total train: 560000. Seed labeled: 200. Unlabeled pool: 559800.
================================================================================
Round 0/20 — Labeled 200 | Unlabeled 559800
[Eval] Test accuracy: 50.87%
Selecting 1000 points via BADGE (k-means++ in gradient space)...
Using sklearn k-means++ for selection...
Selection took 1865.11 seconds.
================================================================================
Round 1/20 — Labeled 1200 | Unlabeled 558800
[Eval] Test accuracy: 80.59%
Selecting 1000 points via BADGE (k-means++ in gradient space)...
Using sklearn k-means++ for selection...
Selection took 1871.43 seconds.
================================================================================
Round 2/20 — Labeled 2200 | Unlabeled 557800
[Eval] Test accuracy: 82.83%
Selecting 1000 points via BADGE (k-means++ in gradient space)...
Using sklearn k-means++ for selection...
Selection took 1879.54 seconds.
================================================================================
Round 3/20 — Labeled 3200 | Unlabeled 556800
[Eval] Test accuracy: 84.03%
Selecting 1000 points via BADGE (k-means++ in gradient space)...
Using sklearn k-means++ for selection...
Selection took 1809.46 seconds.
================================================================================
Round 4/20 — Labeled 4200 | Unlabeled 555800
[Eval] Test accuracy: 84.98%
Selecting 1000 points via BADGE (k-means++ in gradient space)...
Using sklearn k-means++ for selection...
Selection took 1739.15 seconds.
================================================================================
Round 5/20 — Labeled 5200 | Unlabeled 554800
[Eval] Test accuracy: 85.82%
Selecting 1000 points via BADGE (k-means++ in gradient space)...
Using sklearn k-means++ for selection...
Selection took 1734.43 seconds.
================================================================================
Round 6/20 — Labeled 6200 | Unlabeled 553800
[Eval] Test accuracy: 86.22%
Selecting 1000 points via BADGE (k-means++ in gradient space)...
Using sklearn k-means++ for selection...
Selection took 1727.71 seconds.
================================================================================
Round 7/20 — Labeled 7200 | Unlabeled 552800
[Eval] Test accuracy: 86.38%
Selecting 1000 points via BADGE (k-means++ in gradient space)...
Using sklearn k-means++ for selection...
Selection took 1718.20 seconds.
================================================================================
Round 8/20 — Labeled 8200 | Unlabeled 551800
[Eval] Test accuracy: 86.59%
Selecting 1000 points via BADGE (k-means++ in gradient space)...
Using sklearn k-means++ for selection...
Selection took 1726.93 seconds.
================================================================================
Round 9/20 — Labeled 9200 | Unlabeled 550800
[Eval] Test accuracy: 86.79%
Selecting 1000 points via BADGE (k-means++ in gradient space)...
Using sklearn k-means++ for selection...
Selection took 1729.45 seconds.
================================================================================
Round 10/20 — Labeled 10200 | Unlabeled 549800
[Eval] Test accuracy: 86.98%
Selecting 1000 points via BADGE (k-means++ in gradient space)...
Using sklearn k-means++ for selection...
Selection took 1698.94 seconds.
================================================================================
Round 11/20 — Labeled 11200 | Unlabeled 548800
[Eval] Test accuracy: 87.03%
Selecting 1000 points via BADGE (k-means++ in gradient space)...
Using sklearn k-means++ for selection...
Selection took 1717.81 seconds.
================================================================================
Round 12/20 — Labeled 12200 | Unlabeled 547800
[Eval] Test accuracy: 87.15%
Selecting 1000 points via BADGE (k-means++ in gradient space)...
Using sklearn k-means++ for selection...
Selection took 1728.50 seconds.
================================================================================
Round 13/20 — Labeled 13200 | Unlabeled 546800
[Eval] Test accuracy: 87.26%
Selecting 1000 points via BADGE (k-means++ in gradient space)...
Using sklearn k-means++ for selection...
Selection took 1739.14 seconds.
================================================================================
Round 14/20 — Labeled 14200 | Unlabeled 545800
[Eval] Test accuracy: 87.39%
Selecting 1000 points via BADGE (k-means++ in gradient space)...
Using sklearn k-means++ for selection...
Selection took 1714.17 seconds.
================================================================================
Round 15/20 — Labeled 15200 | Unlabeled 544800
[Eval] Test accuracy: 87.41%
Selecting 1000 points via BADGE (k-means++ in gradient space)...
Using sklearn k-means++ for selection...
Selection took 1707.21 seconds.
================================================================================
Round 16/20 — Labeled 16200 | Unlabeled 543800
[Eval] Test accuracy: 87.49%
Selecting 1000 points via BADGE (k-means++ in gradient space)...
Using sklearn k-means++ for selection...
Selection took 1695.17 seconds.
================================================================================
Round 17/20 — Labeled 17200 | Unlabeled 542800
[Eval] Test accuracy: 87.53%
Selecting 1000 points via BADGE (k-means++ in gradient space)...
Using sklearn k-means++ for selection...
