Already up to date.
Latest git commit hash: 3badc7d51709ce66fc77a0723decc04b43e7c65a

使用数据集: ag_news
标签数量: 4
标签: ['World', 'Sports', 'Business', 'Sci/Tech']
Total train: 120000. Seed labeled: 200. Unlabeled pool: 119800.
================================================================================
Round 0/20 — Labeled 200 | Unlabeled 119800
[Eval] Test accuracy: 30.92%
Selecting 1000 points via BADGE (k-means++ in gradient space)...
Using sklearn k-means++ for selection...
Selection took 732.83 seconds.
================================================================================
Round 1/20 — Labeled 1200 | Unlabeled 118800
[Eval] Test accuracy: 76.64%
Selecting 1000 points via BADGE (k-means++ in gradient space)...
Using sklearn k-means++ for selection...
Selection took 725.75 seconds.
================================================================================
Round 2/20 — Labeled 2200 | Unlabeled 117800
[Eval] Test accuracy: 83.80%
Selecting 1000 points via BADGE (k-means++ in gradient space)...
Using sklearn k-means++ for selection...
Selection took 721.10 seconds.
================================================================================
Round 3/20 — Labeled 3200 | Unlabeled 116800
[Eval] Test accuracy: 85.66%
Selecting 1000 points via BADGE (k-means++ in gradient space)...
Using sklearn k-means++ for selection...
Selection took 714.80 seconds.
================================================================================
Round 4/20 — Labeled 4200 | Unlabeled 115800
[Eval] Test accuracy: 86.82%
Selecting 1000 points via BADGE (k-means++ in gradient space)...
Using sklearn k-means++ for selection...
Selection took 725.25 seconds.
================================================================================
Round 5/20 — Labeled 5200 | Unlabeled 114800
[Eval] Test accuracy: 87.62%
Selecting 1000 points via BADGE (k-means++ in gradient space)...
Using sklearn k-means++ for selection...
Selection took 713.88 seconds.
================================================================================
Round 6/20 — Labeled 6200 | Unlabeled 113800
[Eval] Test accuracy: 88.30%
Selecting 1000 points via BADGE (k-means++ in gradient space)...
Using sklearn k-means++ for selection...
Selection took 700.86 seconds.
================================================================================
Round 7/20 — Labeled 7200 | Unlabeled 112800
[Eval] Test accuracy: 88.88%
Selecting 1000 points via BADGE (k-means++ in gradient space)...
Using sklearn k-means++ for selection...
Selection took 694.56 seconds.
================================================================================
Round 8/20 — Labeled 8200 | Unlabeled 111800
[Eval] Test accuracy: 89.11%
Selecting 1000 points via BADGE (k-means++ in gradient space)...
Using sklearn k-means++ for selection...
Selection took 708.70 seconds.
================================================================================
Round 9/20 — Labeled 9200 | Unlabeled 110800
[Eval] Test accuracy: 89.30%
Selecting 1000 points via BADGE (k-means++ in gradient space)...
Using sklearn k-means++ for selection...
Selection took 732.29 seconds.
================================================================================
Round 10/20 — Labeled 10200 | Unlabeled 109800
[Eval] Test accuracy: 89.32%
Selecting 1000 points via BADGE (k-means++ in gradient space)...
Using sklearn k-means++ for selection...
Selection took 719.54 seconds.
================================================================================
Round 11/20 — Labeled 11200 | Unlabeled 108800
[Eval] Test accuracy: 89.37%
Selecting 1000 points via BADGE (k-means++ in gradient space)...
Using sklearn k-means++ for selection...
Selection took 675.58 seconds.
================================================================================
Round 12/20 — Labeled 12200 | Unlabeled 107800
[Eval] Test accuracy: 89.41%
Selecting 1000 points via BADGE (k-means++ in gradient space)...
Using sklearn k-means++ for selection...
Selection took 709.22 seconds.
================================================================================
Round 13/20 — Labeled 13200 | Unlabeled 106800
[Eval] Test accuracy: 89.34%
Selecting 1000 points via BADGE (k-means++ in gradient space)...
Using sklearn k-means++ for selection...
Selection took 695.31 seconds.
================================================================================
Round 14/20 — Labeled 14200 | Unlabeled 105800
[Eval] Test accuracy: 89.32%
Selecting 1000 points via BADGE (k-means++ in gradient space)...
Using sklearn k-means++ for selection...
Selection took 652.01 seconds.
================================================================================
Round 15/20 — Labeled 15200 | Unlabeled 104800
[Eval] Test accuracy: 89.42%
Selecting 1000 points via BADGE (k-means++ in gradient space)...
Using sklearn k-means++ for selection...
Selection took 678.13 seconds.
================================================================================
Round 16/20 — Labeled 16200 | Unlabeled 103800
[Eval] Test accuracy: 89.33%
Selecting 1000 points via BADGE (k-means++ in gradient space)...
Using sklearn k-means++ for selection...
Selection took 682.88 seconds.
================================================================================
Round 17/20 — Labeled 17200 | Unlabeled 102800
[Eval] Test accuracy: 89.45%
Selecting 1000 points via BADGE (k-means++ in gradient space)...
Using sklearn k-means++ for selection...
Selection took 653.96 seconds.
================================================================================
Round 18/20 — Labeled 18200 | Unlabeled 101800
[Eval] Test accuracy: 89.54%
Selecting 1000 points via BADGE (k-means++ in gradient space)...
Using sklearn k-means++ for selection...
Selection took 635.27 seconds.
================================================================================
Round 19/20 — Labeled 19200 | Unlabeled 100800
[Eval] Test accuracy: 89.63%
Selecting 1000 points via BADGE (k-means++ in gradient space)...
Using sklearn k-means++ for selection...
Selection took 660.86 seconds.
================================================================================
Round 20/20 — Labeled 20200 | Unlabeled 99800
[Eval] Test accuracy: 89.51%
Done.
