Already up to date.
Latest git commit hash: 3badc7d51709ce66fc77a0723decc04b43e7c65a

使用数据集: imdb
标签数量: 2
标签: ['negative', 'positive']
Total train: 25000. Seed labeled: 200. Unlabeled pool: 24800.
================================================================================
Round 0/20 — Labeled 200 | Unlabeled 24800
[Eval] Test accuracy: 50.02%
Selecting 1000 points via BADGE (k-means++ in gradient space)...
Using sklearn k-means++ for selection...
Selection took 48.34 seconds.
================================================================================
Round 1/20 — Labeled 1200 | Unlabeled 23800
[Eval] Test accuracy: 70.02%
Selecting 1000 points via BADGE (k-means++ in gradient space)...
Using sklearn k-means++ for selection...
Selection took 48.06 seconds.
================================================================================
Round 2/20 — Labeled 2200 | Unlabeled 22800
[Eval] Test accuracy: 73.38%
Selecting 1000 points via BADGE (k-means++ in gradient space)...
Using sklearn k-means++ for selection...
Selection took 45.40 seconds.
================================================================================
Round 3/20 — Labeled 3200 | Unlabeled 21800
[Eval] Test accuracy: 76.81%
Selecting 1000 points via BADGE (k-means++ in gradient space)...
Using sklearn k-means++ for selection...
Selection took 44.53 seconds.
================================================================================
Round 4/20 — Labeled 4200 | Unlabeled 20800
[Eval] Test accuracy: 77.68%
Selecting 1000 points via BADGE (k-means++ in gradient space)...
Using sklearn k-means++ for selection...
Selection took 42.73 seconds.
================================================================================
Round 5/20 — Labeled 5200 | Unlabeled 19800
[Eval] Test accuracy: 78.35%
Selecting 1000 points via BADGE (k-means++ in gradient space)...
Using sklearn k-means++ for selection...
Selection took 41.56 seconds.
================================================================================
Round 6/20 — Labeled 6200 | Unlabeled 18800
[Eval] Test accuracy: 78.89%
Selecting 1000 points via BADGE (k-means++ in gradient space)...
Using sklearn k-means++ for selection...
Selection took 37.48 seconds.
================================================================================
Round 7/20 — Labeled 7200 | Unlabeled 17800
[Eval] Test accuracy: 79.46%
Selecting 1000 points via BADGE (k-means++ in gradient space)...
Using sklearn k-means++ for selection...
Selection took 37.15 seconds.
================================================================================
Round 8/20 — Labeled 8200 | Unlabeled 16800
[Eval] Test accuracy: 79.83%
Selecting 1000 points via BADGE (k-means++ in gradient space)...
Using sklearn k-means++ for selection...
Selection took 34.35 seconds.
================================================================================
Round 9/20 — Labeled 9200 | Unlabeled 15800
[Eval] Test accuracy: 80.12%
Selecting 1000 points via BADGE (k-means++ in gradient space)...
Using sklearn k-means++ for selection...
Selection took 32.36 seconds.
================================================================================
Round 10/20 — Labeled 10200 | Unlabeled 14800
[Eval] Test accuracy: 80.33%
Selecting 1000 points via BADGE (k-means++ in gradient space)...
Using sklearn k-means++ for selection...
Selection took 31.52 seconds.
================================================================================
Round 11/20 — Labeled 11200 | Unlabeled 13800
[Eval] Test accuracy: 80.52%
Selecting 1000 points via BADGE (k-means++ in gradient space)...
Using sklearn k-means++ for selection...
Selection took 30.04 seconds.
================================================================================
Round 12/20 — Labeled 12200 | Unlabeled 12800
[Eval] Test accuracy: 80.65%
Selecting 1000 points via BADGE (k-means++ in gradient space)...
Using sklearn k-means++ for selection...
Selection took 28.91 seconds.
================================================================================
Round 13/20 — Labeled 13200 | Unlabeled 11800
[Eval] Test accuracy: 80.84%
Selecting 1000 points via BADGE (k-means++ in gradient space)...
Using sklearn k-means++ for selection...
Selection took 26.72 seconds.
================================================================================
Round 14/20 — Labeled 14200 | Unlabeled 10800
[Eval] Test accuracy: 80.62%
Selecting 1000 points via BADGE (k-means++ in gradient space)...
Using sklearn k-means++ for selection...
Selection took 25.91 seconds.
================================================================================
Round 15/20 — Labeled 15200 | Unlabeled 9800
[Eval] Test accuracy: 80.82%
Selecting 1000 points via BADGE (k-means++ in gradient space)...
Using sklearn k-means++ for selection...
Selection took 24.40 seconds.
================================================================================
Round 16/20 — Labeled 16200 | Unlabeled 8800
[Eval] Test accuracy: 80.90%
Selecting 1000 points via BADGE (k-means++ in gradient space)...
Using sklearn k-means++ for selection...
Selection took 22.73 seconds.
================================================================================
Round 17/20 — Labeled 17200 | Unlabeled 7800
[Eval] Test accuracy: 80.92%
Selecting 1000 points via BADGE (k-means++ in gradient space)...
Using sklearn k-means++ for selection...
Selection took 17.09 seconds.
================================================================================
Round 18/20 — Labeled 18200 | Unlabeled 6800
[Eval] Test accuracy: 80.94%
Selecting 1000 points via BADGE (k-means++ in gradient space)...
Using sklearn k-means++ for selection...
Selection took 17.20 seconds.
================================================================================
Round 19/20 — Labeled 19200 | Unlabeled 5800
[Eval] Test accuracy: 81.00%
Selecting 1000 points via BADGE (k-means++ in gradient space)...
Using sklearn k-means++ for selection...
Selection took 15.02 seconds.
================================================================================
Round 20/20 — Labeled 20200 | Unlabeled 4800
[Eval] Test accuracy: 81.10%
Done.
